<?xml version="1.0" encoding="UTF-8"?>
<testng-results ignored="0" total="1" passed="1" failed="0" skipped="0">
  <reporter-output>
  </reporter-output>
  <suite started-at="2021-09-23T02:47:01 IST" name="Default suite" finished-at="2021-09-23T02:47:02 IST" duration-ms="1576">
    <groups>
    </groups>
    <test started-at="2021-09-23T02:47:01 IST" name="Default test" finished-at="2021-09-23T02:47:02 IST" duration-ms="1576">
      <class name="com.otrim.ExtentReports.ExtentReportsFive">
        <test-method signature="extentTest()[pri:0, instance:com.otrim.ExtentReports.ExtentReportsFive@4c1909a3]" started-at="2021-09-23T02:47:01 IST" name="extentTest" finished-at="2021-09-23T02:47:02 IST" duration-ms="1513" status="PASS">
          <reporter-output>
          </reporter-output>
        </test-method> <!-- extentTest -->
      </class> <!-- com.otrim.ExtentReports.ExtentReportsFive -->
    </test> <!-- Default test -->
  </suite> <!-- Default suite -->
</testng-results>
